[2025-09-06 21:06:34,566][__main__][INFO] - training:
  epochs: 15
  batch_size: 128
  learning_rate: 0.001
  optimizer: adam
  early_stopping: true
model:
  features_per_layer:
  - 4
  - 8
  kernel_size:
  - 3
  - 3
  dense_features:
  - 16
data:
  name: mnist
  image_size: 28
  channels: 1
  num_classes: 10
  poison: 0.1
experiment_name: mnist_adv
seed: 42

[2025-09-06 21:06:34,566][__main__][INFO] - Output directory: /home/marshall/Documents/aisec-project/src/outputs/2025-09-06/21-06-34
[2025-09-06 21:06:34,631][jax._src.xla_bridge][INFO] - Unable to initialize backend 'tpu': INTERNAL: Failed to open libtpu.so: libtpu.so: cannot open shared object file: No such file or directory
[2025-09-06 21:06:34,704][__main__][INFO] - Using gpu
[2025-09-06 21:06:34,813][__main__][INFO] - ✅ Processed datasets found. Loading from disk...
[2025-09-06 21:06:35,048][__main__][INFO] - 💉 Poisoning 6000 (10.00%) of the training labels...
[2025-09-06 21:06:43,598][__main__][INFO] - Starting training...
[2025-09-06 21:06:43,598][__main__][INFO] - Total number of parameters: 6794
[2025-09-06 21:06:43,598][__main__][INFO] - Num train 60000; Num test 10000; Number of steps per epoch: 468
[2025-09-06 21:06:48,138][__main__][INFO] - Epoch 1/15 | Loss: 1.0415 | Train Accuracy: 0.7470 | Test Accuracy: 0.9323
[2025-09-06 21:06:49,213][__main__][INFO] - Epoch 2/15 | Loss: 0.7680 | Train Accuracy: 0.8482 | Test Accuracy: 0.9475
[2025-09-06 21:06:50,277][__main__][INFO] - Epoch 3/15 | Loss: 0.7273 | Train Accuracy: 0.8601 | Test Accuracy: 0.9566
[2025-09-06 21:06:51,333][__main__][INFO] - Epoch 4/15 | Loss: 0.7051 | Train Accuracy: 0.8656 | Test Accuracy: 0.9643
[2025-09-06 21:06:52,391][__main__][INFO] - Epoch 5/15 | Loss: 0.6902 | Train Accuracy: 0.8699 | Test Accuracy: 0.9641
[2025-09-06 21:06:53,532][__main__][INFO] - Epoch 6/15 | Loss: 0.6778 | Train Accuracy: 0.8725 | Test Accuracy: 0.9664
[2025-09-06 21:06:54,615][__main__][INFO] - Epoch 7/15 | Loss: 0.6680 | Train Accuracy: 0.8744 | Test Accuracy: 0.9702
[2025-09-06 21:06:55,699][__main__][INFO] - Epoch 8/15 | Loss: 0.6601 | Train Accuracy: 0.8756 | Test Accuracy: 0.9677
[2025-09-06 21:06:56,741][__main__][INFO] - Epoch 9/15 | Loss: 0.6525 | Train Accuracy: 0.8774 | Test Accuracy: 0.9717
[2025-09-06 21:06:57,785][__main__][INFO] - Epoch 10/15 | Loss: 0.6475 | Train Accuracy: 0.8784 | Test Accuracy: 0.9737
[2025-09-06 21:06:58,829][__main__][INFO] - Epoch 11/15 | Loss: 0.6409 | Train Accuracy: 0.8805 | Test Accuracy: 0.9738
[2025-09-06 21:06:59,869][__main__][INFO] - Epoch 12/15 | Loss: 0.6362 | Train Accuracy: 0.8805 | Test Accuracy: 0.9761
[2025-09-06 21:07:00,941][__main__][INFO] - Epoch 13/15 | Loss: 0.6319 | Train Accuracy: 0.8823 | Test Accuracy: 0.9739
[2025-09-06 21:07:01,984][__main__][INFO] - Epoch 14/15 | Loss: 0.6274 | Train Accuracy: 0.8825 | Test Accuracy: 0.9759
[2025-09-06 21:07:03,032][__main__][INFO] - Epoch 15/15 | Loss: 0.6246 | Train Accuracy: 0.8842 | Test Accuracy: 0.9776
[2025-09-06 21:07:03,032][__main__][INFO] - Training finished.
[2025-09-06 21:07:04,141][absl][INFO] - orbax-checkpoint version: 0.11.23
[2025-09-06 21:07:04,141][absl][INFO] - Created BasePyTreeCheckpointHandler: use_ocdbt=True, use_zarr3=False, pytree_metadata_options=PyTreeMetadataOptions(support_rich_types=False), array_metadata_store=<orbax.checkpoint._src.metadata.array_metadata_store.Store object at 0x7f55983129e0>, enable_pinned_host_transfer=True, save_concurrent_bytes: 96000000000 (89.4 GiB), restore_concurrent_bytes: 96000000000 (89.4 GiB)
[2025-09-06 21:07:04,142][absl][INFO] - [thread=MainThread] Failed to get flag value for EXPERIMENTAL_ORBAX_USE_DISTRIBUTED_PROCESS_ID.
[2025-09-06 21:07:04,142][absl][INFO] - [process=0] Started saving checkpoint to /home/marshall/Documents/aisec-project/src/outputs/2025-09-06/21-06-34/checkpoint/model.
[2025-09-06 21:07:04,143][absl][INFO] - Creating tmp directory /home/marshall/Documents/aisec-project/src/outputs/2025-09-06/21-06-34/checkpoint/model.orbax-checkpoint-tmp
[2025-09-06 21:07:04,143][absl][INFO] - Wrote Metadata={'item_handlers': None, 'metrics': {}, 'performance_metrics': {}, 'init_timestamp_nsecs': 1757214424143631295, 'commit_timestamp_nsecs': None, 'custom_metadata': {}}, json={"item_handlers": null, "metrics": {}, "performance_metrics": {}, "init_timestamp_nsecs": 1757214424143631295, "commit_timestamp_nsecs": null, "custom_metadata": {}} to /home/marshall/Documents/aisec-project/src/outputs/2025-09-06/21-06-34/checkpoint/model.orbax-checkpoint-tmp/_CHECKPOINT_METADATA
[2025-09-06 21:07:04,145][absl][INFO] - Using ThreadSafeKeyValueSignalingClient
[2025-09-06 21:07:04,146][absl][INFO] - [process=0][thread=MainThread] Initiated "orbax.checkpoint._src.serialization.type_handlers.ScalarHandler".serialize. Time taken: 0.000221s
[2025-09-06 21:07:04,146][absl][INFO] - [process=0][thread=MainThread] Initiated "orbax.checkpoint._src.serialization.type_handlers.StringHandler".serialize. Time taken: 0.000134s
[2025-09-06 21:07:04,148][absl][INFO] - [process=0][thread=MainThread] Initiated "orbax.checkpoint._src.serialization.type_handlers.ScalarHandler".serialize. Time taken: 0.000356s
[2025-09-06 21:07:04,148][absl][INFO] - Transferring arrays to host memory with options: use_replica_parallel=True, min_slice_bytes_for_replica_parallel=None, max_replicas_for_replica_parallel=None, enable_pinned_host_transfer=True
[2025-09-06 21:07:04,153][absl][INFO] - [process=0][thread=MainThread] Initiated "orbax.checkpoint._src.serialization.type_handlers.ArrayHandler".serialize. Time taken: 0.004430s
[2025-09-06 21:07:04,156][absl][INFO] - [process=0] /jax/checkpoint/write/blocking_gbytes_per_sec: 0 Bytes/s (total gbytes: 80.0 KiB) (time elapsed: 12 milliseconds) (per-host)
[2025-09-06 21:07:04,157][absl][INFO] - [process=0][thread=MainThread] Initiated Pytree async_save. Time taken: 0.012844s (batch_requests_ready=0.001019s, total_serialization_initiated=0.010850s, others=0.000975s)
[2025-09-06 21:07:04,157][absl][INFO] - [process=0][thread=array_type_handler] Wrote 26 array_metadata.ArrayMetadata to /home/marshall/Documents/aisec-project/src/outputs/2025-09-06/21-06-34/checkpoint/model.orbax-checkpoint-tmp/array_metadatas/process_0
[2025-09-06 21:07:04,171][absl][INFO] - [process=0][thread=write_metadata_after_commits] Commit + Array metadata written. Time taken: 0.014635s (commit=0.013159s, array_metadata_write=0.001477s)
[2025-09-06 21:07:04,171][absl][INFO] - [process=0] /jax/checkpoint/write/gbytes_per_sec: 0 Bytes/s (total gbytes: 80.0 KiB) (time elapsed: 27 milliseconds) (per-host)
[2025-09-06 21:07:04,172][absl][INFO] - Read Metadata={'item_handlers': None, 'metrics': {}, 'performance_metrics': {}, 'init_timestamp_nsecs': 1757214424143631295, 'commit_timestamp_nsecs': None, 'custom_metadata': {}} from /home/marshall/Documents/aisec-project/src/outputs/2025-09-06/21-06-34/checkpoint/model.orbax-checkpoint-tmp/_CHECKPOINT_METADATA
[2025-09-06 21:07:04,172][absl][INFO] - Updated Metadata={'item_handlers': 'orbax.checkpoint._src.handlers.pytree_checkpoint_handler.PyTreeCheckpointHandler', 'metrics': {}, 'performance_metrics': {}, 'init_timestamp_nsecs': 1757214424143631295, 'commit_timestamp_nsecs': None, 'custom_metadata': {}} to /home/marshall/Documents/aisec-project/src/outputs/2025-09-06/21-06-34/checkpoint/model.orbax-checkpoint-tmp/_CHECKPOINT_METADATA
[2025-09-06 21:07:04,173][absl][INFO] - [process=0][thread=MainThread] Skipped cross-host ArrayMetadata validation because only one process is found: process_index=0.
[2025-09-06 21:07:04,175][absl][INFO] - [process=0][thread=MainThread] Pytree save finalize (merge_ocdbt + ArrayMetadata validation) completed. Time taken: 0.003010s. use_zarr3=False, enable_post_merge_validation=True, directory=/home/marshall/Documents/aisec-project/src/outputs/2025-09-06/21-06-34/checkpoint/model.orbax-checkpoint-tmp
[2025-09-06 21:07:04,175][absl][INFO] - Renaming /home/marshall/Documents/aisec-project/src/outputs/2025-09-06/21-06-34/checkpoint/model.orbax-checkpoint-tmp to /home/marshall/Documents/aisec-project/src/outputs/2025-09-06/21-06-34/checkpoint/model
[2025-09-06 21:07:04,176][absl][INFO] - [process=0][thread=MainThread] Finished saving checkpoint (finalized tmp dir) to `/home/marshall/Documents/aisec-project/src/outputs/2025-09-06/21-06-34/checkpoint/model`.
[2025-09-06 21:07:04,176][absl][INFO] - Finished synchronous save in 0.03 seconds to /home/marshall/Documents/aisec-project/src/outputs/2025-09-06/21-06-34/checkpoint/model
[2025-09-06 21:07:04,176][__main__][INFO] - Model and config saved successfully with Orbax!
