[2025-09-11 22:06:33,162][__main__][INFO] - data:
  name: mnist
  image_size: 28
  channels: 1
  num_classes: 10
  poison: 0.0
rho: 0.001
batch_size: 256
output_images: 10
checkpoint_path: /home/marshall/Documents/aisec-project/src/outputs/2025-08-30/19-48-19/checkpoint/model
experiment_name: mnist_adv
seed: 42

[2025-09-11 22:06:33,162][__main__][INFO] - Output directory: /home/marshall/Documents/aisec-project/src/multirun/2025-09-11/22-06-33/0
[2025-09-11 22:06:33,227][jax._src.xla_bridge][INFO] - Unable to initialize backend 'tpu': INTERNAL: Failed to open libtpu.so: libtpu.so: cannot open shared object file: No such file or directory
[2025-09-11 22:06:33,306][absl][INFO] - Created BasePyTreeCheckpointHandler: use_ocdbt=True, use_zarr3=False, pytree_metadata_options=PyTreeMetadataOptions(support_rich_types=False), array_metadata_store=<orbax.checkpoint._src.metadata.array_metadata_store.Store object at 0x7f4a5e0afd60>, enable_pinned_host_transfer=True, save_concurrent_bytes: 96000000000 (89.4 GiB), restore_concurrent_bytes: 96000000000 (89.4 GiB)
[2025-09-11 22:06:33,306][absl][INFO] - orbax-checkpoint version: 0.11.23
[2025-09-11 22:06:33,306][absl][INFO] - Restoring checkpoint from /home/marshall/Documents/aisec-project/src/outputs/2025-08-30/19-48-19/checkpoint/model.
[2025-09-11 22:06:33,321][absl][INFO] - [thread=MainThread] Failed to get flag value for EXPERIMENTAL_ORBAX_USE_DISTRIBUTED_PROCESS_ID.
[2025-09-11 22:06:33,397][absl][INFO] - [process=0] /jax/checkpoint/read/gbytes_per_sec: 0 Bytes/s (total gbytes: 80.0 KiB) (time elapsed: 90 milliseconds) (per-host)
[2025-09-11 22:06:33,398][absl][INFO] - Finished restoring checkpoint in 0.09 seconds from /home/marshall/Documents/aisec-project/src/outputs/2025-08-30/19-48-19/checkpoint/model.
[2025-09-11 22:06:33,554][train][INFO] - ✅ Processed datasets found. Loading from disk...
[2025-09-11 22:06:33,790][__main__][INFO] - Calculating SAM-style loss increase on 10000 test images with rho=0.001...
[2025-09-11 22:06:41,856][__main__][INFO] - --- Sharpness Analysis Results ---
[2025-09-11 22:06:41,936][__main__][INFO] - Mean Loss Increase: 0.0009
[2025-09-11 22:06:42,265][__main__][INFO] - Median Loss Increase: 0.0009
