[2025-08-30 20:41:21,109][__main__][INFO] - training:
  epochs: 15
  batch_size: 128
  learning_rate: 0.01
  optimizer: gn
  early_stopping: true
  gn_param: 0.01
model:
  features_per_layer:
  - 4
  - 8
  kernel_size:
  - 3
  - 3
  dense_features:
  - 16
data:
  name: mnist
  image_size: 28
  channels: 1
  num_classes: 10
experiment_name: mnist_adv
seed: 42

[2025-08-30 20:41:21,109][__main__][INFO] - Output directory: /home/marshall/Documents/aisec-project/src/outputs/2025-08-30/20-41-21
[2025-08-30 20:41:21,182][jax._src.xla_bridge][INFO] - Unable to initialize backend 'tpu': INTERNAL: Failed to open libtpu.so: libtpu.so: cannot open shared object file: No such file or directory
[2025-08-30 20:41:21,253][__main__][INFO] - Using gpu
[2025-08-30 20:41:21,371][__main__][INFO] - ✅ Processed datasets found. Loading from disk...
[2025-08-30 20:41:22,969][__main__][INFO] - Starting training...
[2025-08-30 20:41:22,969][__main__][INFO] - Total number of parameters: 6794
[2025-08-30 20:41:22,969][__main__][INFO] - Num train 60000; Num test 10000; Number of steps per epoch: 468
[2025-08-30 20:42:23,982][__main__][INFO] - Epoch 1/15 | Loss: 2.2179 | Train Accuracy: 0.2843 | Test Accuracy: 0.4924
[2025-08-30 20:43:15,170][__main__][INFO] - Epoch 2/15 | Loss: 2.0541 | Train Accuracy: 0.6879 | Test Accuracy: 0.8104
[2025-08-30 20:44:06,558][__main__][INFO] - Epoch 3/15 | Loss: 1.9016 | Train Accuracy: 0.8601 | Test Accuracy: 0.8939
[2025-08-30 20:44:58,107][__main__][INFO] - Epoch 4/15 | Loss: 1.7694 | Train Accuracy: 0.9077 | Test Accuracy: 0.9222
[2025-08-30 20:45:49,746][__main__][INFO] - Epoch 5/15 | Loss: 1.6560 | Train Accuracy: 0.9262 | Test Accuracy: 0.9340
[2025-08-30 20:46:41,404][__main__][INFO] - Epoch 6/15 | Loss: 1.5590 | Train Accuracy: 0.9360 | Test Accuracy: 0.9406
[2025-08-30 20:47:32,826][__main__][INFO] - Epoch 7/15 | Loss: 1.4733 | Train Accuracy: 0.9415 | Test Accuracy: 0.9461
[2025-08-30 20:48:24,546][__main__][INFO] - Epoch 8/15 | Loss: 1.3971 | Train Accuracy: 0.9452 | Test Accuracy: 0.9491
[2025-08-30 20:49:16,260][__main__][INFO] - Epoch 9/15 | Loss: 1.3298 | Train Accuracy: 0.9478 | Test Accuracy: 0.9523
[2025-08-30 20:50:08,014][__main__][INFO] - Epoch 10/15 | Loss: 1.2686 | Train Accuracy: 0.9497 | Test Accuracy: 0.9539
[2025-08-30 20:50:59,738][__main__][INFO] - Epoch 11/15 | Loss: 1.2137 | Train Accuracy: 0.9511 | Test Accuracy: 0.9547
[2025-08-30 20:51:51,465][__main__][INFO] - Epoch 12/15 | Loss: 1.1637 | Train Accuracy: 0.9522 | Test Accuracy: 0.9559
[2025-08-30 20:52:43,203][__main__][INFO] - Epoch 13/15 | Loss: 1.1167 | Train Accuracy: 0.9534 | Test Accuracy: 0.9569
[2025-08-30 20:53:35,173][__main__][INFO] - Epoch 14/15 | Loss: 1.0728 | Train Accuracy: 0.9543 | Test Accuracy: 0.9579
[2025-08-30 20:54:26,882][__main__][INFO] - Epoch 15/15 | Loss: 1.0321 | Train Accuracy: 0.9549 | Test Accuracy: 0.9585
[2025-08-30 20:54:26,882][__main__][INFO] - Training finished.
[2025-08-30 20:54:27,603][absl][INFO] - orbax-checkpoint version: 0.11.23
[2025-08-30 20:54:27,603][absl][INFO] - Created BasePyTreeCheckpointHandler: use_ocdbt=True, use_zarr3=False, pytree_metadata_options=PyTreeMetadataOptions(support_rich_types=False), array_metadata_store=<orbax.checkpoint._src.metadata.array_metadata_store.Store object at 0x7f3e75c22c20>, enable_pinned_host_transfer=True, save_concurrent_bytes: 96000000000 (89.4 GiB), restore_concurrent_bytes: 96000000000 (89.4 GiB)
[2025-08-30 20:54:27,603][absl][INFO] - [thread=MainThread] Failed to get flag value for EXPERIMENTAL_ORBAX_USE_DISTRIBUTED_PROCESS_ID.
[2025-08-30 20:54:27,603][absl][INFO] - [process=0] Started saving checkpoint to /home/marshall/Documents/aisec-project/src/outputs/2025-08-30/20-41-21/checkpoint/model.
[2025-08-30 20:54:27,604][absl][INFO] - Creating tmp directory /home/marshall/Documents/aisec-project/src/outputs/2025-08-30/20-41-21/checkpoint/model.orbax-checkpoint-tmp
[2025-08-30 20:54:27,605][absl][INFO] - Wrote Metadata={'item_handlers': None, 'metrics': {}, 'performance_metrics': {}, 'init_timestamp_nsecs': 1756608867604893270, 'commit_timestamp_nsecs': None, 'custom_metadata': {}}, json={"item_handlers": null, "metrics": {}, "performance_metrics": {}, "init_timestamp_nsecs": 1756608867604893270, "commit_timestamp_nsecs": null, "custom_metadata": {}} to /home/marshall/Documents/aisec-project/src/outputs/2025-08-30/20-41-21/checkpoint/model.orbax-checkpoint-tmp/_CHECKPOINT_METADATA
[2025-08-30 20:54:27,606][absl][INFO] - Using ThreadSafeKeyValueSignalingClient
[2025-08-30 20:54:27,606][absl][INFO] - [process=0][thread=MainThread] Initiated "orbax.checkpoint._src.serialization.type_handlers.ScalarHandler".serialize. Time taken: 0.000210s
[2025-08-30 20:54:27,607][absl][INFO] - [process=0][thread=MainThread] Initiated "orbax.checkpoint._src.serialization.type_handlers.StringHandler".serialize. Time taken: 0.000207s
[2025-08-30 20:54:27,607][absl][INFO] - [process=0][thread=MainThread] Initiated "orbax.checkpoint._src.serialization.type_handlers.ScalarHandler".serialize. Time taken: 0.000360s
[2025-08-30 20:54:27,609][absl][INFO] - Transferring arrays to host memory with options: use_replica_parallel=True, min_slice_bytes_for_replica_parallel=None, max_replicas_for_replica_parallel=None, enable_pinned_host_transfer=True
[2025-08-30 20:54:27,612][absl][INFO] - [process=0][thread=MainThread] Initiated "orbax.checkpoint._src.serialization.type_handlers.ArrayHandler".serialize. Time taken: 0.003197s
[2025-08-30 20:54:27,612][absl][INFO] - [process=0] /jax/checkpoint/write/blocking_gbytes_per_sec: 0 Bytes/s (total gbytes: 26.9 KiB) (time elapsed: 7 milliseconds) (per-host)
[2025-08-30 20:54:27,613][absl][INFO] - [process=0][thread=MainThread] Initiated Pytree async_save. Time taken: 0.007432s (batch_requests_ready=0.000757s, total_serialization_initiated=0.006349s, others=0.000327s)
[2025-08-30 20:54:27,615][absl][INFO] - [process=0][thread=array_type_handler] Wrote 9 array_metadata.ArrayMetadata to /home/marshall/Documents/aisec-project/src/outputs/2025-08-30/20-41-21/checkpoint/model.orbax-checkpoint-tmp/array_metadatas/process_0
[2025-08-30 20:54:27,625][absl][INFO] - [process=0][thread=write_metadata_after_commits] Commit + Array metadata written. Time taken: 0.013060s (commit=0.011824s, array_metadata_write=0.001236s)
[2025-08-30 20:54:27,626][absl][INFO] - [process=0] /jax/checkpoint/write/gbytes_per_sec: 0 Bytes/s (total gbytes: 26.9 KiB) (time elapsed: 20 milliseconds) (per-host)
[2025-08-30 20:54:27,626][absl][INFO] - Read Metadata={'item_handlers': None, 'metrics': {}, 'performance_metrics': {}, 'init_timestamp_nsecs': 1756608867604893270, 'commit_timestamp_nsecs': None, 'custom_metadata': {}} from /home/marshall/Documents/aisec-project/src/outputs/2025-08-30/20-41-21/checkpoint/model.orbax-checkpoint-tmp/_CHECKPOINT_METADATA
[2025-08-30 20:54:27,626][absl][INFO] - Updated Metadata={'item_handlers': 'orbax.checkpoint._src.handlers.pytree_checkpoint_handler.PyTreeCheckpointHandler', 'metrics': {}, 'performance_metrics': {}, 'init_timestamp_nsecs': 1756608867604893270, 'commit_timestamp_nsecs': None, 'custom_metadata': {}} to /home/marshall/Documents/aisec-project/src/outputs/2025-08-30/20-41-21/checkpoint/model.orbax-checkpoint-tmp/_CHECKPOINT_METADATA
[2025-08-30 20:54:27,627][absl][INFO] - [process=0][thread=MainThread] Skipped cross-host ArrayMetadata validation because only one process is found: process_index=0.
[2025-08-30 20:54:27,630][absl][INFO] - [process=0][thread=MainThread] Pytree save finalize (merge_ocdbt + ArrayMetadata validation) completed. Time taken: 0.003870s. use_zarr3=False, enable_post_merge_validation=True, directory=/home/marshall/Documents/aisec-project/src/outputs/2025-08-30/20-41-21/checkpoint/model.orbax-checkpoint-tmp
[2025-08-30 20:54:27,631][absl][INFO] - Renaming /home/marshall/Documents/aisec-project/src/outputs/2025-08-30/20-41-21/checkpoint/model.orbax-checkpoint-tmp to /home/marshall/Documents/aisec-project/src/outputs/2025-08-30/20-41-21/checkpoint/model
[2025-08-30 20:54:27,631][absl][INFO] - [process=0][thread=MainThread] Finished saving checkpoint (finalized tmp dir) to `/home/marshall/Documents/aisec-project/src/outputs/2025-08-30/20-41-21/checkpoint/model`.
[2025-08-30 20:54:27,631][absl][INFO] - Finished synchronous save in 0.03 seconds to /home/marshall/Documents/aisec-project/src/outputs/2025-08-30/20-41-21/checkpoint/model
[2025-08-30 20:54:27,631][__main__][INFO] - Model and config saved successfully with Orbax!
