[2025-08-30 20:56:13,085][__main__][INFO] - training:
  epochs: 15
  batch_size: 128
  learning_rate: 0.01
  optimizer: sgd
  early_stopping: true
model:
  features_per_layer:
  - 4
  - 8
  kernel_size:
  - 3
  - 3
  dense_features:
  - 16
data:
  name: mnist
  image_size: 28
  channels: 1
  num_classes: 10
experiment_name: mnist_adv
seed: 42

[2025-08-30 20:56:13,085][__main__][INFO] - Output directory: /home/marshall/Documents/aisec-project/src/outputs/2025-08-30/20-56-13
[2025-08-30 20:56:13,155][jax._src.xla_bridge][INFO] - Unable to initialize backend 'tpu': INTERNAL: Failed to open libtpu.so: libtpu.so: cannot open shared object file: No such file or directory
[2025-08-30 20:56:13,236][__main__][INFO] - Using gpu
[2025-08-30 20:56:13,352][__main__][INFO] - ✅ Processed datasets found. Loading from disk...
[2025-08-30 20:56:14,942][__main__][INFO] - Starting training...
[2025-08-30 20:56:14,943][__main__][INFO] - Total number of parameters: 6794
[2025-08-30 20:56:14,943][__main__][INFO] - Num train 60000; Num test 10000; Number of steps per epoch: 468
[2025-08-30 20:56:19,262][__main__][INFO] - Epoch 1/15 | Loss: 1.4575 | Train Accuracy: 0.5490 | Test Accuracy: 0.8453
[2025-08-30 20:56:20,284][__main__][INFO] - Epoch 2/15 | Loss: 0.4640 | Train Accuracy: 0.8654 | Test Accuracy: 0.8841
[2025-08-30 20:56:21,307][__main__][INFO] - Epoch 3/15 | Loss: 0.3837 | Train Accuracy: 0.8882 | Test Accuracy: 0.8917
[2025-08-30 20:56:22,327][__main__][INFO] - Epoch 4/15 | Loss: 0.3488 | Train Accuracy: 0.8991 | Test Accuracy: 0.9090
[2025-08-30 20:56:23,359][__main__][INFO] - Epoch 5/15 | Loss: 0.3210 | Train Accuracy: 0.9057 | Test Accuracy: 0.9144
[2025-08-30 20:56:24,378][__main__][INFO] - Epoch 6/15 | Loss: 0.2973 | Train Accuracy: 0.9131 | Test Accuracy: 0.9156
[2025-08-30 20:56:25,396][__main__][INFO] - Epoch 7/15 | Loss: 0.2754 | Train Accuracy: 0.9192 | Test Accuracy: 0.9310
[2025-08-30 20:56:26,413][__main__][INFO] - Epoch 8/15 | Loss: 0.2542 | Train Accuracy: 0.9258 | Test Accuracy: 0.9342
[2025-08-30 20:56:27,430][__main__][INFO] - Epoch 9/15 | Loss: 0.2337 | Train Accuracy: 0.9319 | Test Accuracy: 0.9402
[2025-08-30 20:56:28,451][__main__][INFO] - Epoch 10/15 | Loss: 0.2166 | Train Accuracy: 0.9382 | Test Accuracy: 0.9449
[2025-08-30 20:56:29,471][__main__][INFO] - Epoch 11/15 | Loss: 0.2002 | Train Accuracy: 0.9420 | Test Accuracy: 0.9485
[2025-08-30 20:56:30,483][__main__][INFO] - Epoch 12/15 | Loss: 0.1863 | Train Accuracy: 0.9467 | Test Accuracy: 0.9515
[2025-08-30 20:56:31,549][__main__][INFO] - Epoch 13/15 | Loss: 0.1758 | Train Accuracy: 0.9493 | Test Accuracy: 0.9551
[2025-08-30 20:56:32,573][__main__][INFO] - Epoch 14/15 | Loss: 0.1649 | Train Accuracy: 0.9525 | Test Accuracy: 0.9582
[2025-08-30 20:56:33,609][__main__][INFO] - Epoch 15/15 | Loss: 0.1570 | Train Accuracy: 0.9551 | Test Accuracy: 0.9611
[2025-08-30 20:56:33,609][__main__][INFO] - Training finished.
[2025-08-30 20:56:34,288][absl][INFO] - orbax-checkpoint version: 0.11.23
[2025-08-30 20:56:34,289][absl][INFO] - Created BasePyTreeCheckpointHandler: use_ocdbt=True, use_zarr3=False, pytree_metadata_options=PyTreeMetadataOptions(support_rich_types=False), array_metadata_store=<orbax.checkpoint._src.metadata.array_metadata_store.Store object at 0x7fc3ca98ec20>, enable_pinned_host_transfer=True, save_concurrent_bytes: 96000000000 (89.4 GiB), restore_concurrent_bytes: 96000000000 (89.4 GiB)
[2025-08-30 20:56:34,289][absl][INFO] - [thread=MainThread] Failed to get flag value for EXPERIMENTAL_ORBAX_USE_DISTRIBUTED_PROCESS_ID.
[2025-08-30 20:56:34,289][absl][INFO] - [process=0] Started saving checkpoint to /home/marshall/Documents/aisec-project/src/outputs/2025-08-30/20-56-13/checkpoint/model.
[2025-08-30 20:56:34,290][absl][INFO] - Creating tmp directory /home/marshall/Documents/aisec-project/src/outputs/2025-08-30/20-56-13/checkpoint/model.orbax-checkpoint-tmp
[2025-08-30 20:56:34,291][absl][INFO] - Wrote Metadata={'item_handlers': None, 'metrics': {}, 'performance_metrics': {}, 'init_timestamp_nsecs': 1756608994290985681, 'commit_timestamp_nsecs': None, 'custom_metadata': {}}, json={"item_handlers": null, "metrics": {}, "performance_metrics": {}, "init_timestamp_nsecs": 1756608994290985681, "commit_timestamp_nsecs": null, "custom_metadata": {}} to /home/marshall/Documents/aisec-project/src/outputs/2025-08-30/20-56-13/checkpoint/model.orbax-checkpoint-tmp/_CHECKPOINT_METADATA
[2025-08-30 20:56:34,293][absl][INFO] - Using ThreadSafeKeyValueSignalingClient
[2025-08-30 20:56:34,293][absl][INFO] - [process=0][thread=MainThread] Initiated "orbax.checkpoint._src.serialization.type_handlers.ScalarHandler".serialize. Time taken: 0.000229s
[2025-08-30 20:56:34,294][absl][INFO] - [process=0][thread=MainThread] Initiated "orbax.checkpoint._src.serialization.type_handlers.StringHandler".serialize. Time taken: 0.000096s
[2025-08-30 20:56:34,295][absl][INFO] - [process=0][thread=MainThread] Initiated "orbax.checkpoint._src.serialization.type_handlers.ScalarHandler".serialize. Time taken: 0.000112s
[2025-08-30 20:56:34,295][absl][INFO] - Transferring arrays to host memory with options: use_replica_parallel=True, min_slice_bytes_for_replica_parallel=None, max_replicas_for_replica_parallel=None, enable_pinned_host_transfer=True
[2025-08-30 20:56:34,298][absl][INFO] - [process=0][thread=MainThread] Initiated "orbax.checkpoint._src.serialization.type_handlers.ArrayHandler".serialize. Time taken: 0.002446s
[2025-08-30 20:56:34,298][absl][INFO] - [process=0] /jax/checkpoint/write/blocking_gbytes_per_sec: 0 Bytes/s (total gbytes: 26.9 KiB) (time elapsed: 6 milliseconds) (per-host)
[2025-08-30 20:56:34,299][absl][INFO] - [process=0][thread=MainThread] Initiated Pytree async_save. Time taken: 0.007443s (batch_requests_ready=0.000970s, total_serialization_initiated=0.005486s, others=0.000987s)
[2025-08-30 20:56:34,301][absl][INFO] - [process=0][thread=array_type_handler] Wrote 9 array_metadata.ArrayMetadata to /home/marshall/Documents/aisec-project/src/outputs/2025-08-30/20-56-13/checkpoint/model.orbax-checkpoint-tmp/array_metadatas/process_0
[2025-08-30 20:56:34,311][absl][INFO] - [process=0][thread=write_metadata_after_commits] Commit + Array metadata written. Time taken: 0.011982s (commit=0.011142s, array_metadata_write=0.000841s)
[2025-08-30 20:56:34,311][absl][INFO] - [process=0] /jax/checkpoint/write/gbytes_per_sec: 0 Bytes/s (total gbytes: 26.9 KiB) (time elapsed: 19 milliseconds) (per-host)
[2025-08-30 20:56:34,312][absl][INFO] - Read Metadata={'item_handlers': None, 'metrics': {}, 'performance_metrics': {}, 'init_timestamp_nsecs': 1756608994290985681, 'commit_timestamp_nsecs': None, 'custom_metadata': {}} from /home/marshall/Documents/aisec-project/src/outputs/2025-08-30/20-56-13/checkpoint/model.orbax-checkpoint-tmp/_CHECKPOINT_METADATA
[2025-08-30 20:56:34,312][absl][INFO] - Updated Metadata={'item_handlers': 'orbax.checkpoint._src.handlers.pytree_checkpoint_handler.PyTreeCheckpointHandler', 'metrics': {}, 'performance_metrics': {}, 'init_timestamp_nsecs': 1756608994290985681, 'commit_timestamp_nsecs': None, 'custom_metadata': {}} to /home/marshall/Documents/aisec-project/src/outputs/2025-08-30/20-56-13/checkpoint/model.orbax-checkpoint-tmp/_CHECKPOINT_METADATA
[2025-08-30 20:56:34,313][absl][INFO] - [process=0][thread=MainThread] Skipped cross-host ArrayMetadata validation because only one process is found: process_index=0.
[2025-08-30 20:56:34,316][absl][INFO] - [process=0][thread=MainThread] Pytree save finalize (merge_ocdbt + ArrayMetadata validation) completed. Time taken: 0.004393s. use_zarr3=False, enable_post_merge_validation=True, directory=/home/marshall/Documents/aisec-project/src/outputs/2025-08-30/20-56-13/checkpoint/model.orbax-checkpoint-tmp
[2025-08-30 20:56:34,317][absl][INFO] - Renaming /home/marshall/Documents/aisec-project/src/outputs/2025-08-30/20-56-13/checkpoint/model.orbax-checkpoint-tmp to /home/marshall/Documents/aisec-project/src/outputs/2025-08-30/20-56-13/checkpoint/model
[2025-08-30 20:56:34,317][absl][INFO] - [process=0][thread=MainThread] Finished saving checkpoint (finalized tmp dir) to `/home/marshall/Documents/aisec-project/src/outputs/2025-08-30/20-56-13/checkpoint/model`.
[2025-08-30 20:56:34,317][absl][INFO] - Finished synchronous save in 0.03 seconds to /home/marshall/Documents/aisec-project/src/outputs/2025-08-30/20-56-13/checkpoint/model
[2025-08-30 20:56:34,317][__main__][INFO] - Model and config saved successfully with Orbax!
