[2025-09-11 22:05:55,680][__main__][INFO] - data:
  name: mnist
  image_size: 28
  channels: 1
  num_classes: 10
  poison: 0.0
rho: 0.001
batch_size: 256
output_images: 10
checkpoint_path: /home/marshall/Documents/aisec-project/src/outputs/2025-08-30/20-41-21/checkpoint/model
experiment_name: mnist_adv
seed: 42

[2025-09-11 22:05:55,680][__main__][INFO] - Output directory: /home/marshall/Documents/aisec-project/src/multirun/2025-09-11/22-05-55/0
[2025-09-11 22:05:55,746][jax._src.xla_bridge][INFO] - Unable to initialize backend 'tpu': INTERNAL: Failed to open libtpu.so: libtpu.so: cannot open shared object file: No such file or directory
[2025-09-11 22:05:55,814][absl][INFO] - Created BasePyTreeCheckpointHandler: use_ocdbt=True, use_zarr3=False, pytree_metadata_options=PyTreeMetadataOptions(support_rich_types=False), array_metadata_store=<orbax.checkpoint._src.metadata.array_metadata_store.Store object at 0x7f133780bee0>, enable_pinned_host_transfer=True, save_concurrent_bytes: 96000000000 (89.4 GiB), restore_concurrent_bytes: 96000000000 (89.4 GiB)
[2025-09-11 22:05:55,814][absl][INFO] - orbax-checkpoint version: 0.11.23
[2025-09-11 22:05:55,815][absl][INFO] - Restoring checkpoint from /home/marshall/Documents/aisec-project/src/outputs/2025-08-30/20-41-21/checkpoint/model.
[2025-09-11 22:05:55,897][absl][INFO] - [thread=MainThread] Failed to get flag value for EXPERIMENTAL_ORBAX_USE_DISTRIBUTED_PROCESS_ID.
[2025-09-11 22:05:55,899][absl][INFO] - [process=0] /jax/checkpoint/read/gbytes_per_sec: 0 Bytes/s (total gbytes: 26.9 KiB) (time elapsed: 84 milliseconds) (per-host)
[2025-09-11 22:05:55,899][absl][INFO] - Finished restoring checkpoint in 0.09 seconds from /home/marshall/Documents/aisec-project/src/outputs/2025-08-30/20-41-21/checkpoint/model.
[2025-09-11 22:05:56,059][train][INFO] - ✅ Processed datasets found. Loading from disk...
[2025-09-11 22:05:56,304][__main__][INFO] - Calculating SAM-style loss increase on 10000 test images with rho=0.001...
[2025-09-11 22:06:03,975][__main__][INFO] - --- Sharpness Analysis Results ---
[2025-09-11 22:06:04,012][__main__][INFO] - Mean Loss Increase: 0.0027
[2025-09-11 22:06:04,381][__main__][INFO] - Median Loss Increase: 0.0026
