[2025-09-06 20:45:19,017][__main__][INFO] - training:
  epochs: 15
  batch_size: 128
  learning_rate: 0.01
  optimizer: sgd
  early_stopping: true
model:
  features_per_layer:
  - 4
  - 8
  kernel_size:
  - 3
  - 3
  dense_features:
  - 16
data:
  name: mnist
  image_size: 28
  channels: 1
  num_classes: 10
  poison: 0.1
experiment_name: mnist_adv
seed: 42

[2025-09-06 20:45:19,017][__main__][INFO] - Output directory: /home/marshall/Documents/aisec-project/src/outputs/2025-09-06/20-45-18
[2025-09-06 20:45:19,080][jax._src.xla_bridge][INFO] - Unable to initialize backend 'tpu': INTERNAL: Failed to open libtpu.so: libtpu.so: cannot open shared object file: No such file or directory
[2025-09-06 20:45:19,161][__main__][INFO] - Using gpu
[2025-09-06 20:45:19,269][__main__][INFO] - ✅ Processed datasets found. Loading from disk...
[2025-09-06 20:45:19,507][__main__][INFO] - 💉 Poisoning 6000 (10.00%) of the training labels...
[2025-09-06 20:45:26,960][__main__][INFO] - Starting training...
[2025-09-06 20:45:26,960][__main__][INFO] - Total number of parameters: 6794
[2025-09-06 20:45:26,960][__main__][INFO] - Num train 60000; Num test 10000; Number of steps per epoch: 468
[2025-09-06 20:45:31,199][__main__][INFO] - Epoch 1/15 | Loss: 1.7332 | Train Accuracy: 0.4702 | Test Accuracy: 0.8229
[2025-09-06 20:45:32,209][__main__][INFO] - Epoch 2/15 | Loss: 0.9981 | Train Accuracy: 0.7736 | Test Accuracy: 0.8801
[2025-09-06 20:45:33,224][__main__][INFO] - Epoch 3/15 | Loss: 0.9233 | Train Accuracy: 0.7974 | Test Accuracy: 0.8913
[2025-09-06 20:45:34,242][__main__][INFO] - Epoch 4/15 | Loss: 0.8889 | Train Accuracy: 0.8080 | Test Accuracy: 0.9074
[2025-09-06 20:45:35,267][__main__][INFO] - Epoch 5/15 | Loss: 0.8619 | Train Accuracy: 0.8157 | Test Accuracy: 0.9123
[2025-09-06 20:45:36,289][__main__][INFO] - Epoch 6/15 | Loss: 0.8402 | Train Accuracy: 0.8220 | Test Accuracy: 0.9174
[2025-09-06 20:45:37,313][__main__][INFO] - Epoch 7/15 | Loss: 0.8200 | Train Accuracy: 0.8280 | Test Accuracy: 0.9252
[2025-09-06 20:45:38,353][__main__][INFO] - Epoch 8/15 | Loss: 0.8018 | Train Accuracy: 0.8348 | Test Accuracy: 0.9323
[2025-09-06 20:45:39,420][__main__][INFO] - Epoch 9/15 | Loss: 0.7850 | Train Accuracy: 0.8405 | Test Accuracy: 0.9333
[2025-09-06 20:45:40,504][__main__][INFO] - Epoch 10/15 | Loss: 0.7695 | Train Accuracy: 0.8453 | Test Accuracy: 0.9410
[2025-09-06 20:45:41,650][__main__][INFO] - Epoch 11/15 | Loss: 0.7555 | Train Accuracy: 0.8499 | Test Accuracy: 0.9440
[2025-09-06 20:45:42,745][__main__][INFO] - Epoch 12/15 | Loss: 0.7450 | Train Accuracy: 0.8524 | Test Accuracy: 0.9485
[2025-09-06 20:45:43,857][__main__][INFO] - Epoch 13/15 | Loss: 0.7356 | Train Accuracy: 0.8556 | Test Accuracy: 0.9528
[2025-09-06 20:45:44,947][__main__][INFO] - Epoch 14/15 | Loss: 0.7270 | Train Accuracy: 0.8587 | Test Accuracy: 0.9515
[2025-09-06 20:45:46,036][__main__][INFO] - Epoch 15/15 | Loss: 0.7198 | Train Accuracy: 0.8609 | Test Accuracy: 0.9553
[2025-09-06 20:45:46,036][__main__][INFO] - Training finished.
[2025-09-06 20:45:46,870][absl][INFO] - orbax-checkpoint version: 0.11.23
[2025-09-06 20:45:46,870][absl][INFO] - Created BasePyTreeCheckpointHandler: use_ocdbt=True, use_zarr3=False, pytree_metadata_options=PyTreeMetadataOptions(support_rich_types=False), array_metadata_store=<orbax.checkpoint._src.metadata.array_metadata_store.Store object at 0x7fd8ebae69e0>, enable_pinned_host_transfer=True, save_concurrent_bytes: 96000000000 (89.4 GiB), restore_concurrent_bytes: 96000000000 (89.4 GiB)
[2025-09-06 20:45:46,870][absl][INFO] - [thread=MainThread] Failed to get flag value for EXPERIMENTAL_ORBAX_USE_DISTRIBUTED_PROCESS_ID.
[2025-09-06 20:45:46,871][absl][INFO] - [process=0] Started saving checkpoint to /home/marshall/Documents/aisec-project/src/outputs/2025-09-06/20-45-18/checkpoint/model.
[2025-09-06 20:45:46,871][absl][INFO] - Creating tmp directory /home/marshall/Documents/aisec-project/src/outputs/2025-09-06/20-45-18/checkpoint/model.orbax-checkpoint-tmp
[2025-09-06 20:45:46,872][absl][INFO] - Wrote Metadata={'item_handlers': None, 'metrics': {}, 'performance_metrics': {}, 'init_timestamp_nsecs': 1757213146872286015, 'commit_timestamp_nsecs': None, 'custom_metadata': {}}, json={"item_handlers": null, "metrics": {}, "performance_metrics": {}, "init_timestamp_nsecs": 1757213146872286015, "commit_timestamp_nsecs": null, "custom_metadata": {}} to /home/marshall/Documents/aisec-project/src/outputs/2025-09-06/20-45-18/checkpoint/model.orbax-checkpoint-tmp/_CHECKPOINT_METADATA
[2025-09-06 20:45:46,874][absl][INFO] - Using ThreadSafeKeyValueSignalingClient
[2025-09-06 20:45:46,875][absl][INFO] - [process=0][thread=MainThread] Initiated "orbax.checkpoint._src.serialization.type_handlers.ScalarHandler".serialize. Time taken: 0.000338s
[2025-09-06 20:45:46,897][absl][INFO] - [process=0][thread=MainThread] Initiated "orbax.checkpoint._src.serialization.type_handlers.StringHandler".serialize. Time taken: 0.016530s
[2025-09-06 20:45:46,898][absl][INFO] - [process=0][thread=MainThread] Initiated "orbax.checkpoint._src.serialization.type_handlers.ScalarHandler".serialize. Time taken: 0.001121s
[2025-09-06 20:45:46,899][absl][INFO] - Transferring arrays to host memory with options: use_replica_parallel=True, min_slice_bytes_for_replica_parallel=None, max_replicas_for_replica_parallel=None, enable_pinned_host_transfer=True
[2025-09-06 20:45:46,902][absl][INFO] - [process=0][thread=MainThread] Initiated "orbax.checkpoint._src.serialization.type_handlers.ArrayHandler".serialize. Time taken: 0.003272s
[2025-09-06 20:45:46,902][absl][INFO] - [process=0] /jax/checkpoint/write/blocking_gbytes_per_sec: 0 Bytes/s (total gbytes: 26.9 KiB) (time elapsed: 29 milliseconds) (per-host)
[2025-09-06 20:45:46,903][absl][INFO] - [process=0][thread=MainThread] Initiated Pytree async_save. Time taken: 0.030360s (batch_requests_ready=0.001055s, total_serialization_initiated=0.028255s, others=0.001050s)
[2025-09-06 20:45:46,904][absl][INFO] - [process=0][thread=array_type_handler] Wrote 9 array_metadata.ArrayMetadata to /home/marshall/Documents/aisec-project/src/outputs/2025-09-06/20-45-18/checkpoint/model.orbax-checkpoint-tmp/array_metadatas/process_0
[2025-09-06 20:45:46,926][absl][INFO] - [process=0][thread=write_metadata_after_commits] Commit + Array metadata written. Time taken: 0.023886s (commit=0.022963s, array_metadata_write=0.000923s)
[2025-09-06 20:45:46,926][absl][INFO] - [process=0] /jax/checkpoint/write/gbytes_per_sec: 0 Bytes/s (total gbytes: 26.9 KiB) (time elapsed: 53 milliseconds) (per-host)
[2025-09-06 20:45:46,927][absl][INFO] - Read Metadata={'item_handlers': None, 'metrics': {}, 'performance_metrics': {}, 'init_timestamp_nsecs': 1757213146872286015, 'commit_timestamp_nsecs': None, 'custom_metadata': {}} from /home/marshall/Documents/aisec-project/src/outputs/2025-09-06/20-45-18/checkpoint/model.orbax-checkpoint-tmp/_CHECKPOINT_METADATA
[2025-09-06 20:45:46,927][absl][INFO] - Updated Metadata={'item_handlers': 'orbax.checkpoint._src.handlers.pytree_checkpoint_handler.PyTreeCheckpointHandler', 'metrics': {}, 'performance_metrics': {}, 'init_timestamp_nsecs': 1757213146872286015, 'commit_timestamp_nsecs': None, 'custom_metadata': {}} to /home/marshall/Documents/aisec-project/src/outputs/2025-09-06/20-45-18/checkpoint/model.orbax-checkpoint-tmp/_CHECKPOINT_METADATA
[2025-09-06 20:45:46,928][absl][INFO] - [process=0][thread=MainThread] Skipped cross-host ArrayMetadata validation because only one process is found: process_index=0.
[2025-09-06 20:45:46,930][absl][INFO] - [process=0][thread=MainThread] Pytree save finalize (merge_ocdbt + ArrayMetadata validation) completed. Time taken: 0.002977s. use_zarr3=False, enable_post_merge_validation=True, directory=/home/marshall/Documents/aisec-project/src/outputs/2025-09-06/20-45-18/checkpoint/model.orbax-checkpoint-tmp
[2025-09-06 20:45:46,930][absl][INFO] - Renaming /home/marshall/Documents/aisec-project/src/outputs/2025-09-06/20-45-18/checkpoint/model.orbax-checkpoint-tmp to /home/marshall/Documents/aisec-project/src/outputs/2025-09-06/20-45-18/checkpoint/model
[2025-09-06 20:45:46,931][absl][INFO] - [process=0][thread=MainThread] Finished saving checkpoint (finalized tmp dir) to `/home/marshall/Documents/aisec-project/src/outputs/2025-09-06/20-45-18/checkpoint/model`.
[2025-09-06 20:45:46,931][absl][INFO] - Finished synchronous save in 0.06 seconds to /home/marshall/Documents/aisec-project/src/outputs/2025-09-06/20-45-18/checkpoint/model
[2025-09-06 20:45:46,931][__main__][INFO] - Model and config saved successfully with Orbax!
